data/content/math-ch3.ts(92,199): error TS1005: ',' expected.
data/content/math-ch3.ts(92,203): error TS1005: ',' expected.
data/content/math-ch3.ts(92,210): error TS1005: ',' expected.
data/content/math-ch3.ts(92,213): error TS1005: ',' expected.
data/content/math-ch3.ts(92,220): error TS1005: ',' expected.
data/content/math-ch3.ts(92,223): error TS1005: ',' expected.
data/content/math-ch3.ts(92,227): error TS1005: ',' expected.
data/content/math-ch3.ts(92,232): error TS1005: ',' expected.
data/content/math-ch3.ts(92,237): error TS1005: ',' expected.
data/content/math-ch3.ts(92,243): error TS1005: ',' expected.
data/content/math-ch3.ts(92,247): error TS1005: ',' expected.
data/content/math-ch3.ts(92,254): error TS1005: ',' expected.
data/content/math-ch3.ts(92,257): error TS1005: ',' expected.
data/content/math-ch3.ts(92,263): error TS1005: ',' expected.
data/content/math-ch3.ts(92,272): error TS1005: ',' expected.
data/content/math-ch3.ts(92,283): error TS1005: ',' expected.
data/content/math-ch3.ts(92,290): error TS1005: ',' expected.
data/content/math-ch3.ts(92,293): error TS1005: ',' expected.
data/content/math-ch3.ts(92,300): error TS1005: ',' expected.
data/content/math-ch3.ts(92,303): error TS1005: ',' expected.
data/content/math-ch3.ts(92,308): error TS1005: ',' expected.
data/content/math-ch3.ts(92,313): error TS1005: ',' expected.
data/content/math-ch3.ts(92,318): error TS1005: ',' expected.
data/content/math-ch3.ts(92,323): error TS1005: ',' expected.
data/content/math-ch3.ts(92,329): error TS1005: ',' expected.
data/content/math-ch3.ts(92,333): error TS1005: ',' expected.
data/content/math-ch3.ts(92,340): error TS1005: ',' expected.
data/content/math-ch3.ts(92,343): error TS1005: ',' expected.
data/content/math-ch3.ts(92,349): error TS1005: ',' expected.
data/content/math-ch3.ts(92,358): error TS1127: Invalid character.
data/content/math-ch3.ts(92,359): error TS1127: Invalid character.
data/content/math-ch3.ts(92,436): error TS1005: ':' expected.
data/content/math-ch3.ts(144,92): error TS1005: ',' expected.
data/content/math-ch3.ts(144,98): error TS1005: ',' expected.
data/content/math-ch3.ts(144,104): error TS1005: ',' expected.
data/content/math-ch3.ts(144,111): error TS1005: ',' expected.
data/content/math-ch3.ts(144,115): error TS1005: ',' expected.
data/content/math-ch3.ts(144,121): error TS1005: ',' expected.
data/content/math-ch3.ts(144,127): error TS1005: ',' expected.
data/content/math-ch3.ts(144,130): error TS1005: ',' expected.
data/content/math-ch3.ts(144,134): error TS1005: ',' expected.
data/content/math-ch3.ts(144,137): error TS1005: ',' expected.
data/content/math-ch3.ts(144,141): error TS1005: ',' expected.
data/content/math-ch3.ts(144,146): error TS1005: ',' expected.
data/content/math-ch3.ts(144,150): error TS1005: ',' expected.
data/content/math-ch3.ts(144,163): error TS1005: ',' expected.
data/content/math-ch3.ts(144,169): error TS1005: ',' expected.
data/content/math-ch3.ts(144,174): error TS1005: ',' expected.
data/content/math-ch3.ts(144,181): error TS1005: ',' expected.
data/content/math-ch3.ts(144,187): error TS1005: ',' expected.
data/content/math-ch3.ts(144,190): error TS1005: ',' expected.
data/content/math-ch3.ts(144,196): error TS1005: ',' expected.
data/content/math-ch3.ts(144,202): error TS1005: ',' expected.
data/content/math-ch3.ts(144,205): error TS1005: ',' expected.
data/content/math-ch3.ts(144,209): error TS1005: ',' expected.
data/content/math-ch3.ts(144,212): error TS1005: ',' expected.
data/content/math-ch3.ts(144,216): error TS1005: ',' expected.
data/content/math-ch3.ts(144,221): error TS1005: ',' expected.
data/content/math-ch3.ts(144,223): error TS1005: ',' expected.
data/content/math-ch3.ts(144,224): error TS1127: Invalid character.
data/content/math-ch3.ts(144,225): error TS1127: Invalid character.
data/content/math-ch3.ts(144,298): error TS1005: ':' expected.
data/content/math-ch7.ts(10,34): error TS1005: ',' expected.
data/content/math-ch7.ts(10,41): error TS1005: ',' expected.
data/content/math-ch7.ts(10,46): error TS1005: ',' expected.
data/content/math-ch7.ts(11,26): error TS1005: ',' expected.
data/content/math-ch7.ts(12,9): error TS1005: ',' expected.
data/content/math-ch7.ts(14,21): error TS1003: Identifier expected.
data/content/math-ch7.ts(14,34): error TS1005: ':' expected.
data/content/math-ch7.ts(14,41): error TS1005: ',' expected.
data/content/math-ch7.ts(14,46): error TS1005: ';' expected.
data/content/math-ch7.ts(15,26): error TS1005: ';' expected.
data/content/math-ch7.ts(16,9): error TS1128: Declaration or statement expected.
data/content/math-ch7.ts(16,10): error TS1128: Declaration or statement expected.
data/content/math-ch7.ts(18,19): error TS1005: ';' expected.
data/content/math-ch7.ts(18,34): error TS1005: ';' expected.
data/content/math-ch7.ts(18,46): error TS1005: ';' expected.
data/content/math-ch7.ts(19,26): error TS1005: ';' expected.
data/content/math-ch7.ts(20,10): error TS1128: Declaration or statement expected.
data/content/math-ch7.ts(22,19): error TS1005: ';' expected.
data/content/math-ch7.ts(22,34): error TS1005: ';' expected.
data/content/math-ch7.ts(22,46): error TS1005: ';' expected.
data/content/math-ch7.ts(23,26): error TS1005: ';' expected.
data/content/math-ch7.ts(25,5): error TS1128: Declaration or statement expected.
data/content/math-ch7.ts(25,6): error TS1128: Declaration or statement expected.
data/content/math-ch7.ts(26,16): error TS1005: ';' expected.
data/content/math-ch7.ts(27,22): error TS1005: ',' expected.
data/content/math-ch7.ts(27,34): error TS1005: ',' expected.
data/content/math-ch7.ts(28,22): error TS1005: ',' expected.
data/content/math-ch7.ts(28,34): error TS1005: ',' expected.
data/content/math-ch7.ts(30,15): error TS1005: ';' expected.
data/content/math-ch7.ts(31,11): error TS1005: ';' expected.
data/content/math-ch7.ts(32,22): error TS1005: ',' expected.
data/content/math-ch7.ts(32,34): error TS1005: ',' expected.
data/content/math-ch7.ts(34,14): error TS1005: ';' expected.
data/content/math-ch7.ts(35,22): error TS1005: ',' expected.
data/content/math-ch7.ts(35,34): error TS1005: ',' expected.
data/content/math-ch7.ts(36,22): error TS1005: ',' expected.
data/content/math-ch7.ts(36,34): error TS1005: ',' expected.
data/content/math-ch7.ts(37,22): error TS1005: ',' expected.
data/content/math-ch7.ts(37,34): error TS1005: ',' expected.
data/content/math-ch7.ts(38,22): error TS1005: ',' expected.
data/content/math-ch7.ts(38,34): error TS1005: ',' expected.
data/content/math-ch7.ts(40,15): error TS1005: ';' expected.
data/content/math-ch7.ts(203,16): error TS1005: ';' expected.
data/content/math-ch7.ts(589,11): error TS1005: ';' expected.
data/content/math-ch7.ts(701,1): error TS1128: Declaration or statement expected.
data/content/math-ch8.ts(960,43): error TS1487: Octal escape sequences are not allowed. Use the syntax '\x01'.
data/content/math-ch8.ts(962,39): error TS1487: Octal escape sequences are not allowed. Use the syntax '\x02'.
